  % Total    % Received % Xferd  Average Speed   Time    Time     Time  Current
                                 Dload  Upload   Total   Spent    Left  Speed
  0     0    0     0    0     0      0      0 --:--:-- --:--:-- --:--:--     0*   Trying 12.190.116.232...
* Connected to uat.iprint.com (12.190.116.232) port 443 (#0)
* TLS 1.2 connection using TLS_RSA_WITH_AES_256_GCM_SHA384
* Server certificate: uat.iprint.com
* Server certificate: Symantec Class 3 Secure Server SHA256 SSL CA
* Server certificate: VeriSign Universal Root Certification Authority
> GET /services/getShoppingCart HTTP/1.1
> Host: uat.iprint.com
> User-Agent: curl/7.43.0
> accept: application/json
> 
< HTTP/1.1 500 Internal Server Error
< Date: Wed, 14 Jun 2017 17:39:59 GMT
< Server: WSO2-PassThrough-HTTP
< X-Frame-Options: SAMEORIGIN
< Host: entsvcuat.harlandclarke.local
< accept: application/json
< X-Forwarded-Server: sa1x-webrc-u3
< X-Forwarded-For: 10.211.142.20
< X-Forwarded-For: 24.43.219.21, 10.211.142.12
< Content-Type: text/xml
< X-Forwarded-Host: on, uat.iprint.com
< Access-Control-Allow-Origin: *
< Access-Control-Allow-Headers: origin, x-requested-with, content-type
< Vary: Accept-Encoding
< Connection: close
< Transfer-Encoding: chunked
< Set-Cookie: BIGipServer~RC-PROD~POOL-uat.iprint.com-84=rd140o00000000000000000000ffff0ad38e14o84; path=/
< 
{ [74 bytes data]
100    63    0    63    0     0    143      0 --:--:-- --:--:-- --:--:--   143
* Closing connection 0
<Exception>com.hcrc.core.punchout.PunchOutException</Exception>