  % Total    % Received % Xferd  Average Speed   Time    Time     Time  Current
                                 Dload  Upload   Total   Spent    Left  Speed
  0     0    0     0    0     0      0      0 --:--:-- --:--:-- --:--:--     0* Could not resolve host: Accept-Encoding
* Closing connection 0
curl: (6) Could not resolve host: Accept-Encoding
*   Trying 12.190.116.232...
* Connected to uat.iprint.com (12.190.116.232) port 443 (#1)
* TLS 1.2 connection using TLS_RSA_WITH_AES_256_GCM_SHA384
* Server certificate: uat.iprint.com
* Server certificate: Symantec Class 3 Secure Server SHA256 SSL CA
* Server certificate: VeriSign Universal Root Certification Authority
  0     0    0     0    0     0      0      0 --:--:-- --:--:-- --:--:--     0> GET /services/getHeaderInfo?HCAuthToken=TestAuthToken123 HTTP/1.1
> Host: uat.iprint.com
> User-Agent: curl/7.43.0
> Accept: */*
> Cookie: BIGipServer~RC-PROD~POOL-uat.iprint.com-84=rd140o00000000000000000000ffff0ad38e14o84; JSESSIONID=0000BNXWXbMBVTWOxxQkjxstcfk:1aaesuvcq
> Content-Type: application/json
> 
< HTTP/1.1 200 OK
< Date: Wed, 14 Jun 2017 20:14:50 GMT
< Server: WSO2-PassThrough-HTTP
< X-Frame-Options: SAMEORIGIN
< X-Frame-Options: SAMEORIGIN
< Content-Language: en-US
< Access-Control-Allow-Headers: origin, x-requested-with, content-type
< Access-Control-Allow-Origin: *
< X-ATG-Version: version=QVRHUGxhdGZvcm0vMTEuMg==
< Content-Type: application/json; charset=UTF-8
< X-Powered-By: Servlet/3.0
< Access-Control-Allow-Headers: origin, x-requested-with, content-type
< Transfer-Encoding: chunked
< 
{ [1448 bytes data]
{"catalogData":[{"id":"catalog60010_ctlg","subCategories":[{"id":"cat150038_ctgy","sortOrder":1,"name":"Self-Inking Stamps","success":true,"url":"/estore/Stamps/Self-Inking Stamps/cat150038_ctgy.c"},{"id":"cat150040_ctgy","sortOrder":2,"name":"Pre-Inked Stamps","success":true,"url":"/estore/Stamps/Pre-Inked Stamps/cat150040_ctgy.c"},{"id":"cat150046_ctgy","sortOrder":3,"name":"Rubber (Hand) Stamps","success":true,"url":"/estore/Stamps/Rubber (Hand) Stamps/cat150046_ctgy.c"},{"id":"cat150042_ctgy","sortOrder":4,"name":"Date Stamps","success":true,"url":"/estore/Stamps/Date Stamps/cat150042_ctgy.c"},{"id":"cat150044_ctgy","sortOrder":5,"name":"Stock Stamps","success":true,"url":"/estore/Stamps/Stock Stamps/cat150044_ctgy.c"},{"id":"cat230020_ctgy","sortOrder":6,"name":"Stamp Accessories","success":true,"url":"/estore/Stamps/Stamp Accessories/cat230020_ctgy.c"}],"sortOrder":60,"name":"Stamps","success":true,"url":"/estore/Stamps/catalog60010_ctlg.ct"},{"id":"catalog60018_ctlg","subCategories":[{"id":"cat2060001_ctgy","sortOrder":1,"name":"Phase 2-Release B (QA)","success":true,"url":"/estore/Stationery/Phase 2-Release B (QA)/cat2060001_ctgy.c"},{"id":"cat150032_ctgy","sortOrder":2,"name":"Full-Color Labels","success":true,"url":"/estore/Stationery/Full-Color Labels/cat150032_ctgy.c"},{"id":"cat290020_ctgy","sortOrder":3,"name":"Note Pads","success":true,"url":"/estore/Stationery/Note Pads/cat290020_ctgy.c"},{"id":"cat150020_ctgy","sortOrder":4,"name":"Envelopes","success":true,"url":"/estore/Stationery/Envelopes/cat150020_ctgy.c"},{"id":"cat150018_ctgy","sortOrder":5,"name":"Letterhead","success":true,"url":"/estore/Stationery/Letterhead/cat150018_ctgy.c"},{"id":"cat1890037_ctgy","sortOrder":6,"name":"Design Your Own","success":true,"url":"/estore/Stationery/Design Your Own/cat1890037_ctgy.c"}],"sortOrder":30,"name":"Stationery","success":true,"url":"/estore/Stationery/catalog60018_ctlg.ct"},{"id":"catalog930005_ctlg","subCategories":[{"id":"cat2190061_ctgy","sortOrder":1,"name":"Apparel","success":true,"url":"/estore/Promotional Products/Apparel/cat2190061_ctgy.c"},{"id":"cat2060003_ctgy","sortOrder":2,"name":"Technology","success":true,"url":"/estore/Promotional Products/Technology/cat2060003_ctgy.c"},{"id":"cat2040010_ctgy","sortOrder":3,"name":"Outdoor & Leisure","success":true,"url":"/estore/Promotional Products/Outdoor & Leisure/cat2040010_ctgy.c"},{"id":"cat1940023_ctgy","sortOrder":4,"name":"Bags","success":true,"url":"/estore/Promotional Products/Bags/cat1940023_ctgy.c"},{"id":"cat2060011_ctgy","sortOrder":5,"name":"Pens & Writing ","success":true,"url":"/estore/Promotional Products/Pens & Writing /cat2060011_ctgy.c"},{"id":"cat2040002_ctgy","sortOrder":6,"name":"Office & Stationery","success":true,"url":"/estore/Promotional Products/Office & Stationery/cat2040002_ctgy.c"},{"id":"cat2040001_ctgy","sortOrder":7,"name":"Health & Wellness","success":true,"url":"/estore/Promotional Products/Health & Wellness/cat2040001_ctgy.c"},{"id":"cat1940024_ctgy","sortOrder":8,"name":"Drinkware","success":true,"url":"/estore/Promotional Products/Drinkware/cat1940024_ctgy.c"},{"id":"cat1940025_ctgy","sortOrder":9,"name":"Home & Auto","success":true,"url":"/estore/Promotional Products/Home & Auto/cat1940025_ctgy.c"},{"id":"cat2110005_ctgy","sortOrder":10,"name":"On Sale Now","success":true,"url":"/estore/Promotional Products/On Sale Now/cat2110005_ctgy.c"}],"sortOrder":10,"name":"Promotional Products","success":true,"url":"/estore/Promotional Products/catalog930005_ctlg.ct"},{"id":"catalog60016_ctlg","subCategories":[{"id":"cat150022_ctgy","sortOrder":1,"name":"Standard Post-it速 Notes","success":true,"url":"/estore/Post-it Notes/Standard Post-it速 Notes/cat150022_ctgy.c"},{"id":"cat150024_ctgy","sortOrder":2,"name":"Full-Color Post-it速 Notes","success":true,"url":"/estore/Post-it Notes/Full-Color Post-it速 Notes/cat150024_ctgy.c"}],"sortOrder":50,"name":"Post-it Notes","success":true,"url":"/estore/Post-it Notes/catalog60016_ctlg.ct"},{"id":"catalog60008_ctlg","subCategories":[{"id":"cat150006_ctgy","sortOrder":1,"name":"Full-Colo100  6169    0  6169    0     0  11833      0 --:--:-- --:--:-- --:--:-- 35454
* Connection #1 to host uat.iprint.com left intact
r Business Cards","success":true,"url":"/estore/Business Cards/Full-Color Business Cards/cat150006_ctgy.c"},{"id":"cat360002_ctgy","sortOrder":2,"name":"Square Business Cards","success":true,"url":"/estore/Business Cards/Square Business Cards/cat360002_ctgy.c"},{"id":"cat320004_ctgy","sortOrder":3,"name":"Loyalty Cards","success":true,"url":"/estore/Business Cards/Loyalty Cards/cat320004_ctgy.c"},{"id":"cat1250005_ctgy","sortOrder":4,"name":"Magnetic Business Cards","success":true,"url":"/estore/Business Cards/Magnetic Business Cards/cat1250005_ctgy.c"}],"sortOrder":20,"name":"Business Cards","success":true,"url":"/estore/Business Cards/catalog60008_ctlg.ct"},{"id":"catalog60014_ctlg","subCategories":[{"id":"cat2140006_ctgy","sortOrder":1,"name":"Variable QTY Test","success":true,"url":"/estore/Marketing/Variable QTY Test/cat2140006_ctgy.c"},{"id":"cat320004_ctgy","sortOrder":2,"name":"Loyalty Cards","success":true,"url":"/estore/Marketing/Loyalty Cards/cat320004_ctgy.c"},{"id":"cat280002_ctgy","sortOrder":3,"name":"Banners","success":true,"url":"/estore/Marketing/Banners/cat280002_ctgy.c"},{"id":"cat290026_ctgy","sortOrder":4,"name":"Holiday Cards","success":true,"url":"/estore/Marketing/Holiday Cards/cat290026_ctgy.c"},{"id":"cat280004_ctgy","sortOrder":5,"name":"Gift Certificates","success":true,"url":"/estore/Marketing/Gift Certificates/cat280004_ctgy.c"},{"id":"cat150026_ctgy","sortOrder":6,"name":"Postcards","success":true,"url":"/estore/Marketing/Postcards/cat150026_ctgy.c"},{"id":"cat1250006_ctgy","sortOrder":7,"name":"Magnetic Products","success":true,"url":"/estore/Marketing/Magnetic Products/cat1250006_ctgy.c"},{"id":"cat1470016_ctgy","sortOrder":8,"name":"Cell Phone Cases","success":true,"url":"/estore/Marketing/Cell Phone Cases/cat1470016_ctgy.c"},{"id":"cat150028_ctgy","sortOrder":9,"name":"Bookmarks","success":true,"url":"/estore/Marketing/Bookmarks/cat150028_ctgy.c"}],"sortOrder":40,"name":"Marketing","success":true,"url":"/estore/Marketing/catalog60014_ctlg.ct"}],"siteId":"100003","status":"Success","type":"catalogmenu"}