  % Total    % Received % Xferd  Average Speed   Time    Time     Time  Current
                                 Dload  Upload   Total   Spent    Left  Speed

  0     0    0     0    0     0      0      0 --:--:-- --:--:-- --:--:--     0* Could not resolve host: Accept-Encoding
* Closing connection 0
curl: (6) Could not resolve host: Accept-Encoding
*   Trying 12.190.116.232...
* Connected to uat.iprint.com (12.190.116.232) port 443 (#1)
* TLS 1.2 connection using TLS_RSA_WITH_AES_256_GCM_SHA384
* Server certificate: uat.iprint.com
* Server certificate: Symantec Class 3 Secure Server SHA256 SSL CA
* Server certificate: VeriSign Universal Root Certification Authority
> POST /rest/model/com/hcrc/rest/service/ShippingGroupActor/setShippingAddress HTTP/1.1
> Host: uat.iprint.com
> User-Agent: curl/7.43.0
> Accept: */*
> Cookie: BIGipServer~RC-PROD~POOL-uat.iprint.com-84=rd140o00000000000000000000ffff0ad38e14o84; JSESSIONID=00006-pL216F8fqA5PLWlVKPt77:1aaesuvcq
> Content-Type: application/json
> Content-Length: 268
> 
} [268 bytes data]
* upload completely sent off: 268 out of 268 bytes

100   268    0     0  100   268      0    143  0:00:01  0:00:01 --:--:--   143< HTTP/1.1 200 OK
< Date: Thu, 15 Jun 2017 21:05:45 GMT
< X-Frame-Options: SAMEORIGIN
< X-Powered-By: Servlet/3.0
< X-ATG-Version: version=QVRHUGxhdGZvcm0vMTEuMg==
< Pragma: no-cache
< Cache-Control: no-cache
< Expires: Tue, 04 Dec 1993 21:29:02 GMT
< Access-Control-Allow-Origin: *
< Access-Control-Allow-Headers: origin, x-requested-with, content-type
< Transfer-Encoding: chunked
< Content-Type: application/json; charset=UTF-8
< Content-Language: en-US
< 
{ [1002 bytes data]
{"order":{"userProfile":{"street2":"","isLogin":true,"street1":"15955 La Cantera Pkwy","lastName":"Vishwanath","businessName":null,"zipcode":"78256","state":"TX","sendEmailPromotions":false,"companyName":"HC","city":"San Antonio","country":"US","emailId":"ted@light.ly","phoneNumber":"(210) 123-4560","profileId":"184202058","firstName":"Ravindernath"},"recommendedProducts":[{"unitprice":"$16.45","onsale":false,"imageUrl":"/images/shared/catalog200x200/APPAREL1490023816/800_ffffff_p1-200x200.jpg","productUrl":"/estore/PROMOTIONAL+PRODUCTS/Apparel/Men's+Eperformance+Ottoman+Polo/prod3400023_prd.p","productName":"Men's Eperformance&trade; Ottoman Polo","success":true,"productId":"prod3400023_prd"},{"unitprice":"$19.75","onsale":false,"imageUrl":"/images/shared/catalog200x200/APPAREL1490021763/800_ffffff_p1-200x200.jpg","productUrl":"/estore/PROMOTIONAL+PRODUCTS/Apparel/Men's+Edry+Needle-Out+Interlock+Polo/prod3400021_prd.p","productName":"Men's Edry® Needle-Out Interlock Polo","success":true,"productId":"prod3400021_prd"},{"unitprice":"$10.95","onsale":false,"imageUrl":"/images/shared/catalog200x200/APPAREL1490025211/800_7c2020_p1-200x200.jpg","productUrl":"/estore/PROMOTIONAL+PRODUCTS/Apparel/Ladies'+Easy+Blend+Polo/prod3400082_prd.p","productName":"Ladies' Easy Blend&trade; Polo","success":true,"productId":"prod3400082_prd"},{"unitprice":"$12.05","onsale":false,"imageUrl":"/images/shared/catalog200x200/APPAREL1490024726/800_ffffff_p1-200x200.jpg","productUrl":"/estore/PROMOTIONAL+PRODUCTS/Apparel/Men's+Ringspun+Cotton+Piqu+Polo/prod3400078_prd.p","productName":"Men's Ringspun Cotton Piqué Polo","success":true,"productId":"prod3400078_prd"}],"promotionCode":[{"couponCode":"BIZ30","success":true}],"state":"INCOMPLETE","shippingGroups":[{"shippingMethod":"03","id":"sg101550005","relationshipId":"r86800005","shippingAddress":{"street2":"","lastName":"Vishwanath","street1":"15955 La Cantera Pkwy","zipcode":"78256","state":"TX","city":"San Antonio","country":"US","phoneNumber":"2101234560","priceInfo":{"currencyCode":"USD","amount":0,"rawShipping":5.747},"shippingOptions":[{"shipMethod":"UPS Ground","shippingPrice":"5.7466","estimatedDeliveryDate":"07-03-2017 01:00:00","carrier":"UPS","shipMethodId":"03","carrierURL":"http://wwwapps.ups.com/WebTracking/OnlineTool?InquiryNumber1","success":true},{"shipMethod":"UPS Next Day ","shippingPrice":"26.160600000000002","estimatedDeliveryDate":"06-30-2017 01:00:00","carrier":"UPS","shipMethodId":"01","carrierURL":"http://wwwapps.ups.com/WebTracking/OnlineTool?InquiryNumber1","success":true},{"shipMethod":"UPS 2nd Day","shippingPrice":"69.8796","estimatedDeliveryDate":"07-03-2017 01:00:00","carrier":"UPS","shipMethodId":"02","carrierURL":"http://wwwapps.ups.com/WebTracking/OnlineTool?InquiryNumber1","success":true}],"company":"HC","firstName":"Ravindernath","success":true},"success":true}],"commerceItems":[{"quantitySkus":[{"skuqty":24,"success":true},{"skuqty":48,"success":true},{"skuqty":72,"success":true},{"skuqty":144,"success":true},{"skuqty":999999,"success":true}],"productDisplayName":"Men's Easy Blend&trade; Polo - Classic Red (S)","imageUrl":"https://uat.iprint.com/services/UGCGetFileFromServer/2017/05/24/10/41/184202058/savedDesign/-1497477632/APPAREL1490024894_layout1_68766fe1.png","state":"INITIAL","editUrl":"/estore/PROMOTIONAL+PRODUCTS/Apparel/Men's+Easy+Blend+Polo/prod3400080_prd.p?commerceItemId=ci8722000010","productId":"prod3400080_prd","productType":"PROMO_APPAREL","id":"ci8722000010","relationshipId":"r86800005","priceInfo":{"amount":0,"currencyCode":"USD","success":true},"quantity":"32","success":true,"catalogRefId":"sku3352855_sk"}],"order":"o168362047","priceInfo":{"total":0,"subtotal":0,"discountAmount":0,"shipping":0,"tax":0},"upsellProducts":[{"unitprice":"$16.45","onsale":false,"imageUrl":"/images/shared/catalog200x200/APPAREL1490023816/800_ffffff_p1-200x200.jpg","productUrl":"/estore/PROMOTIONAL+PRODUCTS/Apparel/Men's+Eperformance+Ottoman+Polo/prod3400023_prd.p","productName":"Men's Eperformance&trade; Ottoman Polo","success":true,"productId":"prod3400023_prd"},{"unitprice":"$19.75","onsale":false,"imageUrl":"/images/shared/catalog200x200/APPAREL1490021763/800_ffffff_p1-200x200.jpg","productUrl":"/estore/PROMOTIONAL+PRODUCTS/Apparel/Men's+Edry+Needle-Out+Interlock+Polo/prod3400021_prd.p","productName":"Men's Edry® Needle-Out Interlock Polo","success":true,"productId":"prod3400021_prd"},{"unitprice":"$10.95","onsale":false,"imageUrl":"/images/shared/catalog200x200/APPAREL1490025211/800_7c2020_p1-200x200.jpg","productUrl":"/estore/PROMOTIONAL+PRODUCTS/Apparel/Ladies'+Easy+Blend+Polo/prod3400082_prd.p","productName":"Ladies' Easy Blend&trade; Polo","success":true,"productId":"prod3400082_prd"},{"unitprice":"$12.05","onsale":false,"imageUrl":"/images/shared/catalog200x200/APPAREL1490024726/800_ffffff_p1-200x200.jpg","productUrl":"/estore/PROMOTIONAL+PRODUCTS/Apparel/Men's+Ringspun+Cotton+Piqu+Polo/prod3400078_prd.p","productName":"Men's Ringspun Cotton Piqué Polo","success":true,"productId":"prod3400078_prd"}],"success":true,"totalCommerceItemCount":1},"status":"Success","type":"cart"}