  % Total    % Received % Xferd  Average Speed   Time    Time     Time  Current
                                 Dload  Upload   Total   Spent    Left  Speed
  0     0    0     0    0     0      0      0 --:--:-- --:--:-- --:--:--     0* Could not resolve host: Accept-Encoding
* Closing connection 0
curl: (6) Could not resolve host: Accept-Encoding
*   Trying 12.190.116.232...
* Connected to uat.iprint.com (12.190.116.232) port 443 (#1)
* TLS 1.2 connection using TLS_RSA_WITH_AES_256_GCM_SHA384
* Server certificate: uat.iprint.com
* Server certificate: Symantec Class 3 Secure Server SHA256 SSL CA
* Server certificate: VeriSign Universal Root Certification Authority
> POST /rest/model/com/hcrc/rest/service/PromotionalActor/removePromoCode HTTP/1.1
> Host: uat.iprint.com
> User-Agent: curl/7.43.0
> Accept: */*
> Cookie: BIGipServer~RC-PROD~POOL-uat.iprint.com-84=rd140o00000000000000000000ffff0ad38e14o84; JSESSIONID=0000Roll-D2cIJOjYBH69_EQm9b:1aaesuvcq
> Content-Type: application/json
> Content-Length: 25
> 
} [25 bytes data]
* upload completely sent off: 25 out of 25 bytes
< HTTP/1.1 500 Internal Server Error
< Date: Wed, 14 Jun 2017 21:33:11 GMT
< X-Frame-Options: SAMEORIGIN
< Vary: Accept-Encoding
< Content-Length: 602
< Connection: close
< Content-Type: text/html; charset=iso-8859-1
< 
{ [602 bytes data]
100   627  100   602  100    25   1065     44 --:--:-- --:--:-- --:--:--  1065100   627  100   602  100    25   1064     44 --:--:-- --:--:-- --:--:--     0
* Closing connection 1
<!DOCTYPE HTML PUBLIC "-//IETF//DTD HTML 2.0//EN">
<html><head>
<title>500 Internal Server Error</title>
</head><body>
<h1>Internal Server Error</h1>
<p>The server encountered an internal error or
misconfiguration and was unable to complete
your request.</p>
<p>Please contact the server administrator,
 you@your.address and inform them of the time the error occurred,
and anything you might have done that may have
caused the error.</p>
<p>More information about this error may be available
in the server error log.</p>
<hr>
<address>IBM_HTTP_Server at uat.iprint.com Port 84</address>
</body></html>
